yarn run v1.22.10
$ react-scripts start
[34mℹ[39m [90m｢wds｣[39m: Project is running at http://172.17.0.12/
[34mℹ[39m [90m｢wds｣[39m: webpack output is served from 
[34mℹ[39m [90m｢wds｣[39m: Content not from webpack is served from /workspace/2020W_Projects/calender/public
[34mℹ[39m [90m｢wds｣[39m: 404s will fallback to /
Starting the development server...

Compiled with warnings.

src/containers/MainPage.js
  Line 69:14:  Expected '===' and instead saw '=='  eqeqeq

Search for the keywords to learn more about each warning.
To ignore, add // eslint-disable-next-line to the line before.

yarn run v1.22.10
$ react-scripts start
[34mℹ[39m [90m｢wds｣[39m: Project is running at http://172.17.0.12/
[34mℹ[39m [90m｢wds｣[39m: webpack output is served from 
[34mℹ[39m [90m｢wds｣[39m: Content not from webpack is served from /workspace/2020W_Projects/calender/public
[34mℹ[39m [90m｢wds｣[39m: 404s will fallback to /
Starting the development server...

Compiled with warnings.

src/containers/MainPage.js
  Line 69:14:  Expected '===' and instead saw '=='  eqeqeq

Search for the keywords to learn more about each warning.
To ignore, add // eslint-disable-next-line to the line before.

